<?xml version="1.0" encoding="utf-8"?>
<testsuites time="6.627" tests="27" failures="0">
  <testsuite id="0" name="Source.TestSubmission.dll" tests="27" failures="0" time="6.627">
    <testcase classname="Codenation.Challenge.AuthenticationTest" name="Codenation.Challenge.AuthenticationTest.Should_Non_Admin_User_Be_Not_Authorized_On_Route_User(userId: 3)" time="2.7340000" />
    <testcase classname="Codenation.Challenge.AuthenticationTest" name="Codenation.Challenge.AuthenticationTest.Should_Non_Admin_User_Be_Not_Authorized_On_Route_User(userId: 5)" time="0.2750000" />
    <testcase classname="Codenation.Challenge.AuthenticationTest" name="Codenation.Challenge.AuthenticationTest.Should_Non_Admin_User_Be_Not_Authorized_On_Route_User(userId: 1)" time="0.3590000" />
    <testcase classname="Codenation.Challenge.AuthenticationTest" name="Codenation.Challenge.AuthenticationTest.Should_Non_Admin_User_Be_Not_Authorized_On_Route_User(userId: 9)" time="0.1360000" />
    <testcase classname="Codenation.Challenge.AuthenticationTest" name="Codenation.Challenge.AuthenticationTest.Should_Non_Admin_User_Be_Not_Authorized_On_Route_User(userId: 7)" time="0.1650000" />
    <testcase classname="Codenation.Challenge.AuthenticationTest" name="Codenation.Challenge.AuthenticationTest.Should_Has_Authorize_Attribute_On_Controller(controller: &quot;CandidateController&quot;)" time="0.0280000" />
    <testcase classname="Codenation.Challenge.AuthenticationTest" name="Codenation.Challenge.AuthenticationTest.Should_Has_Authorize_Attribute_On_Controller(controller: &quot;AccelerationController&quot;)" time="0.0260000" />
    <testcase classname="Codenation.Challenge.AuthenticationTest" name="Codenation.Challenge.AuthenticationTest.Should_Has_Authorize_Attribute_On_Controller(controller: &quot;CompanyController&quot;)" time="0.0240000" />
    <testcase classname="Codenation.Challenge.AuthenticationTest" name="Codenation.Challenge.AuthenticationTest.Should_Has_Authorize_Attribute_On_Controller(controller: &quot;SubmissionController&quot;)" time="0.0200000" />
    <testcase classname="Codenation.Challenge.AuthenticationTest" name="Codenation.Challenge.AuthenticationTest.Should_Has_Authorize_Attribute_On_Controller(controller: &quot;UserController&quot;)" time="0.0220000" />
    <testcase classname="Codenation.Challenge.AuthenticationTest" name="Codenation.Challenge.AuthenticationTest.Should_User_Be_Authorized_On_Endpoint_With_Token(userId: 3, endpoint: &quot;/api/acceleration&quot;)" time="0.6580000" />
    <testcase classname="Codenation.Challenge.AuthenticationTest" name="Codenation.Challenge.AuthenticationTest.Should_User_Be_Authorized_On_Endpoint_With_Token(userId: 7, endpoint: &quot;/api/submission&quot;)" time="0.2160000" />
    <testcase classname="Codenation.Challenge.AuthenticationTest" name="Codenation.Challenge.AuthenticationTest.Should_User_Be_Authorized_On_Endpoint_With_Token(userId: 5, endpoint: &quot;/api/candidate&quot;)" time="0.1670000" />
    <testcase classname="Codenation.Challenge.AuthenticationTest" name="Codenation.Challenge.AuthenticationTest.Should_User_Be_Authorized_On_Endpoint_With_Token(userId: 1, endpoint: &quot;/api/company&quot;)" time="0.1780000" />
    <testcase classname="Codenation.Challenge.AuthenticationTest" name="Codenation.Challenge.AuthenticationTest.Should_Admin_Be_Authorized_On_Route_User" time="0.3310000" />
    <testcase classname="Codenation.Challenge.AuthenticationTest" name="Codenation.Challenge.AuthenticationTest.Should_Route_Be_Not_Authorized_When_Call_With_No_Token(endpoint: &quot;/api/candidate&quot;)" time="0.1220000" />
    <testcase classname="Codenation.Challenge.AuthenticationTest" name="Codenation.Challenge.AuthenticationTest.Should_Route_Be_Not_Authorized_When_Call_With_No_Token(endpoint: &quot;/api/submission&quot;)" time="0.0420000" />
    <testcase classname="Codenation.Challenge.AuthenticationTest" name="Codenation.Challenge.AuthenticationTest.Should_Route_Be_Not_Authorized_When_Call_With_No_Token(endpoint: &quot;/api/acceleration&quot;)" time="0.0390000" />
    <testcase classname="Codenation.Challenge.AuthenticationTest" name="Codenation.Challenge.AuthenticationTest.Should_Route_Be_Not_Authorized_When_Call_With_No_Token(endpoint: &quot;/api/user&quot;)" time="0.0440000" />
    <testcase classname="Codenation.Challenge.AuthenticationTest" name="Codenation.Challenge.AuthenticationTest.Should_Route_Be_Not_Authorized_When_Call_With_No_Token(endpoint: &quot;/api/company&quot;)" time="0.0360000" />
    <testcase classname="Codenation.Challenge.AuthenticationTest" name="Codenation.Challenge.AuthenticationTest.Should_Be_Generate_A_Valid_Token(userId: 1)" time="0.1260000" />
    <testcase classname="Codenation.Challenge.AuthenticationTest" name="Codenation.Challenge.AuthenticationTest.Should_Be_Generate_A_Valid_Token(userId: 7)" time="0.1780000" />
    <testcase classname="Codenation.Challenge.AuthenticationTest" name="Codenation.Challenge.AuthenticationTest.Should_Be_Generate_A_Valid_Token(userId: 5)" time="0.1520000" />
    <testcase classname="Codenation.Challenge.AuthenticationTest" name="Codenation.Challenge.AuthenticationTest.Should_Be_Generate_A_Valid_Token(userId: 10)" time="0.1770000" />
    <testcase classname="Codenation.Challenge.AuthenticationTest" name="Codenation.Challenge.AuthenticationTest.Should_Be_Generate_A_Valid_Token(userId: 3)" time="0.1460000" />
    <testcase classname="Codenation.Challenge.AuthenticationTest" name="Codenation.Challenge.AuthenticationTest.Should_Be_Generate_A_Valid_Token(userId: 9)" time="0.1440000" />
    <testcase classname="Codenation.Challenge.AuthenticationTest" name="Codenation.Challenge.AuthenticationTest.Should_Challenge_Route_Be_Authorized_When_Call_With_No_Token" time="0.0820000" />
  </testsuite>
</testsuites>